<?xml version="1.0" encoding="UTF-8"?>
<testsuite xmlns:xsi="http://www.w3.org/2001/XMLSchema-instance" xsi:noNamespaceSchemaLocation="https://maven.apache.org/surefire/maven-surefire-plugin/xsd/surefire-test-report-3.0.xsd" version="3.0" name="com.spring.FarmerMarketPlace.FarmerMarketPlaceApplicationTests" time="7.355" tests="1" errors="0" skipped="0" failures="0">
  <properties>
[...]
</properties>
  <testcase name="contextLoads" classname="com.spring.FarmerMarketPlace.FarmerMarketPlaceApplicationTests" time="0.614">
    <system-out><![CDATA[22:59:47.884 [main] INFO org.springframework.test.context.support.AnnotationConfigContextLoaderUtils -- Could not detect default configuration classes for test class [com.spring.FarmerMarketPlace.FarmerMarketPlaceApplicationTests]: FarmerMarketPlaceApplicationTests does not declare any static, non-private, non-final, nested classes annotated with @Configuration.
22:59:47.979 [main] INFO org.springframework.boot.test.context.SpringBootTestContextBootstrapper -- Found @SpringBootConfiguration com.spring.FarmerMarketPlace.FarmerMarketPlaceApplication for test class com.spring.FarmerMarketPlace.FarmerMarketPlaceApplicationTests
22:59:48.127 [main] INFO org.springframework.boot.devtools.restart.RestartApplicationListener -- Restart disabled due to context in which it is running

  .   ____          _            __ _ _
 /\\ / ___'_ __ _ _(_)_ __  __ _ \ \ \ \
( ( )\___ | '_ | '_| | '_ \/ _` | \ \ \ \
 \\/  ___)| |_)| | | | | || (_| |  ) ) ) )
  '  |____| .__|_| |_|_| |_\__, | / / / /
 =========|_|==============|___/=/_/_/_/

 :: Spring Boot ::                (v3.3.2)

2024-08-06T22:59:48.491+05:30  INFO 14908 --- [FarmerMarketPlace] [           main] c.s.F.FarmerMarketPlaceApplicationTests  : Starting FarmerMarketPlaceApplicationTests using Java 22 with PID 14908 (started by sid74 in C:\Users\sid74\Desktop\Final_Project\FarmerMarketPlace)
2024-08-06T22:59:48.494+05:30  INFO 14908 --- [FarmerMarketPlace] [           main] c.s.F.FarmerMarketPlaceApplicationTests  : No active profile set, falling back to 1 default profile: "default"
2024-08-06T22:59:49.205+05:30  INFO 14908 --- [FarmerMarketPlace] [           main] .s.d.r.c.RepositoryConfigurationDelegate : Bootstrapping Spring Data JPA repositories in DEFAULT mode.
2024-08-06T22:59:49.237+05:30  INFO 14908 --- [FarmerMarketPlace] [           main] .s.d.r.c.RepositoryConfigurationDelegate : Finished Spring Data repository scanning in 20 ms. Found 0 JPA repository interfaces.
2024-08-06T22:59:49.737+05:30  INFO 14908 --- [FarmerMarketPlace] [           main] o.hibernate.jpa.internal.util.LogHelper  : HHH000204: Processing PersistenceUnitInfo [name: default]
2024-08-06T22:59:49.807+05:30  INFO 14908 --- [FarmerMarketPlace] [           main] org.hibernate.Version                    : HHH000412: Hibernate ORM core version 6.5.2.Final
2024-08-06T22:59:49.847+05:30  INFO 14908 --- [FarmerMarketPlace] [           main] o.h.c.internal.RegionFactoryInitiator    : HHH000026: Second-level cache disabled
2024-08-06T22:59:50.167+05:30  INFO 14908 --- [FarmerMarketPlace] [           main] o.s.o.j.p.SpringPersistenceUnitInfo      : No LoadTimeWeaver setup: ignoring JPA class transformer
2024-08-06T22:59:50.199+05:30  INFO 14908 --- [FarmerMarketPlace] [           main] com.zaxxer.hikari.HikariDataSource       : HikariPool-1 - Starting...
2024-08-06T22:59:50.525+05:30  INFO 14908 --- [FarmerMarketPlace] [           main] com.zaxxer.hikari.pool.HikariPool        : HikariPool-1 - Added connection com.mysql.cj.jdbc.ConnectionImpl@10d98940
2024-08-06T22:59:50.529+05:30  INFO 14908 --- [FarmerMarketPlace] [           main] com.zaxxer.hikari.HikariDataSource       : HikariPool-1 - Start completed.
2024-08-06T22:59:50.598+05:30  WARN 14908 --- [FarmerMarketPlace] [           main] org.hibernate.orm.deprecation            : HHH90000025: MySQLDialect does not need to be specified explicitly using 'hibernate.dialect' (remove the property setting and it will be selected by default)
2024-08-06T22:59:51.754+05:30  INFO 14908 --- [FarmerMarketPlace] [           main] o.h.e.t.j.p.i.JtaPlatformInitiator       : HHH000489: No JTA platform available (set 'hibernate.transaction.jta.platform' to enable JTA platform integration)
Hibernate: create table address (id bigint not null, primary key (id)) engine=InnoDB
Hibernate: create table address_seq (next_val bigint) engine=InnoDB
Hibernate: insert into address_seq values ( 1 )
Hibernate: create table cart (id bigint not null, total bigint, customer_id bigint, primary key (id)) engine=InnoDB
Hibernate: create table cart_item_seq (next_val bigint) engine=InnoDB
Hibernate: insert into cart_item_seq values ( 1 )
Hibernate: create table cart_seq (next_val bigint) engine=InnoDB
Hibernate: insert into cart_seq values ( 1 )
Hibernate: create table cart_item (id bigint not null, quantity integer not null, total_price bigint, cart_id bigint, product_id bigint, primary key (id)) engine=InnoDB
Hibernate: create table category (id bigint not null, name varchar(255), farmer_id bigint, primary key (id)) engine=InnoDB
Hibernate: create table category_seq (next_val bigint) engine=InnoDB
Hibernate: insert into category_seq values ( 1 )
Hibernate: create table farmer (id bigint not null, email varchar(255), facebook varchar(255), instagram varchar(255), mobile varchar(255), description varchar(255), farming_type varchar(255), name varchar(255), open bit not null, opening_hours varchar(255), registration_date datetime(6), address_id bigint, owner_id bigint, primary key (id)) engine=InnoDB
Hibernate: create table farmer_images (farmer_id bigint not null, images varchar(1000)) engine=InnoDB
Hibernate: create table farmer_seq (next_val bigint) engine=InnoDB
Hibernate: insert into farmer_seq values ( 1 )
Hibernate: create table order_item_seq (next_val bigint) engine=InnoDB
Hibernate: insert into order_item_seq values ( 1 )
Hibernate: create table order_item (id bigint not null, quentity integer not null, total_price bigint, product_id bigint, primary key (id)) engine=InnoDB
Hibernate: create table orders (id bigint not null, created_at datetime(6), order_status varchar(255), total_amount bigint, total_item integer not null, total_price integer not null, customer_id bigint, delivery_address_id bigint, farmer_id bigint, primary key (id)) engine=InnoDB
Hibernate: create table orders_items (order_id bigint not null, items_id bigint not null) engine=InnoDB
Hibernate: create table orders_seq (next_val bigint) engine=InnoDB
Hibernate: insert into orders_seq values ( 1 )
Hibernate: create table product (id bigint not null, available bit not null, creation_date datetime(6), description varchar(255), is_seasonal bit not null, is_vegetarian bit not null, name varchar(255), price bigint, farmer_id bigint, product_category_id bigint, primary key (id)) engine=InnoDB
Hibernate: create table product_images (product_id bigint not null, images varchar(1000)) engine=InnoDB
Hibernate: create table product_seq (next_val bigint) engine=InnoDB
Hibernate: insert into product_seq values ( 1 )
Hibernate: create table user (id bigint not null, email varchar(255), name varchar(255), password varchar(255), role tinyint check (role between 0 and 2), primary key (id)) engine=InnoDB
Hibernate: create table user_addresses (user_id bigint not null, addresses_id bigint not null) engine=InnoDB
Hibernate: create table user_seq (next_val bigint) engine=InnoDB
Hibernate: insert into user_seq values ( 1 )
Hibernate: create table user_wishlist (user_id bigint not null, description varchar(255), id bigint, images varbinary(1000), title varchar(255)) engine=InnoDB
Hibernate: alter table cart drop index UK867x3yysb1f3jk41cv3vsoejj
Hibernate: alter table cart add constraint UK867x3yysb1f3jk41cv3vsoejj unique (customer_id)
Hibernate: alter table farmer drop index UKkufnhvq3ohnrk9lgqywxtk5rv
Hibernate: alter table farmer add constraint UKkufnhvq3ohnrk9lgqywxtk5rv unique (address_id)
Hibernate: alter table farmer drop index UKi8mpd5bovjbo5xx90ej7kjhga
Hibernate: alter table farmer add constraint UKi8mpd5bovjbo5xx90ej7kjhga unique (owner_id)
Hibernate: alter table orders_items drop index UK7qrg5pfgjon82yhgwfqrdijm5
Hibernate: alter table orders_items add constraint UK7qrg5pfgjon82yhgwfqrdijm5 unique (items_id)
Hibernate: alter table user_addresses drop index UKi5lp1fvgfvsplfqwu4ovwpnxs
Hibernate: alter table user_addresses add constraint UKi5lp1fvgfvsplfqwu4ovwpnxs unique (addresses_id)
Hibernate: alter table cart add constraint FK9mocisyryuqas1xrlbl8872lb foreign key (customer_id) references user (id)
Hibernate: alter table cart_item add constraint FK1uobyhgl1wvgt1jpccia8xxs3 foreign key (cart_id) references cart (id)
Hibernate: alter table cart_item add constraint FKjcyd5wv4igqnw413rgxbfu4nv foreign key (product_id) references product (id)
Hibernate: alter table category add constraint FK9m3kswwm07vdlgep3jdljaox6 foreign key (farmer_id) references farmer (id)
Hibernate: alter table farmer add constraint FKs3akcortilonpcc671prtksgm foreign key (address_id) references address (id)
Hibernate: alter table farmer add constraint FKgsng24ge3kcjiafa1v5l2hobi foreign key (owner_id) references user (id)
Hibernate: alter table farmer_images add constraint FKqpqk10fay28h4wo95q68her3c foreign key (farmer_id) references farmer (id)
Hibernate: alter table order_item add constraint FK551losx9j75ss5d6bfsqvijna foreign key (product_id) references product (id)
Hibernate: alter table orders add constraint FK14n2jkmoyhpimhracvcdy7sst foreign key (customer_id) references user (id)
Hibernate: alter table orders add constraint FKbwhiubtkxf94knbm9oo55wdbm foreign key (delivery_address_id) references address (id)
Hibernate: alter table orders add constraint FKlbjnogvdhok0txg0hruqslsbh foreign key (farmer_id) references farmer (id)
Hibernate: alter table orders_items add constraint FKl3w3fx5rbjq0tbb2i0xidwabh foreign key (items_id) references order_item (id)
Hibernate: alter table orders_items add constraint FKij1wwgx6o198ubsx1oulpopem foreign key (order_id) references orders (id)
Hibernate: alter table product add constraint FKr36yqwsg5o5hthvlqee5fi5a8 foreign key (farmer_id) references farmer (id)
Hibernate: alter table product add constraint FKid4vcfgj211k2uqjuex1x7xq0 foreign key (product_category_id) references category (id)
Hibernate: alter table product_images add constraint FKi8jnqq05sk5nkma3pfp3ylqrt foreign key (product_id) references product (id)
Hibernate: alter table user_addresses add constraint FKth1icmttmhhorb9wiarm73i06 foreign key (addresses_id) references address (id)
Hibernate: alter table user_addresses add constraint FKfm6x520mag23hvgr1oshaut8b foreign key (user_id) references user (id)
Hibernate: alter table user_wishlist add constraint FKclurv83y878u3we8ya7yjgd5m foreign key (user_id) references user (id)
2024-08-06T22:59:53.539+05:30  INFO 14908 --- [FarmerMarketPlace] [           main] j.LocalContainerEntityManagerFactoryBean : Initialized JPA EntityManagerFactory for persistence unit 'default'
2024-08-06T22:59:53.673+05:30  WARN 14908 --- [FarmerMarketPlace] [           main] JpaBaseConfiguration$JpaWebConfiguration : spring.jpa.open-in-view is enabled by default. Therefore, database queries may be performed during view rendering. Explicitly configure spring.jpa.open-in-view to disable this warning
2024-08-06T22:59:54.186+05:30  WARN 14908 --- [FarmerMarketPlace] [           main] .s.s.UserDetailsServiceAutoConfiguration : 

Using generated security password: db2138c6-f6ae-47db-9b61-01900141d778

This generated password is for development use only. Your security configuration must be updated before running your application in production.

2024-08-06T22:59:54.211+05:30  INFO 14908 --- [FarmerMarketPlace] [           main] r$InitializeUserDetailsManagerConfigurer : Global AuthenticationManager configured with UserDetailsService bean with name inMemoryUserDetailsManager
2024-08-06T22:59:54.432+05:30  INFO 14908 --- [FarmerMarketPlace] [           main] c.s.F.FarmerMarketPlaceApplicationTests  : Started FarmerMarketPlaceApplicationTests in 6.319 seconds (process running for 7.348)
]]></system-out>
    <system-err><![CDATA[WARNING: A Java agent has been loaded dynamically (C:\Users\sid74\.m2\repository\net\bytebuddy\byte-buddy-agent\1.14.18\byte-buddy-agent-1.14.18.jar)
WARNING: If a serviceability tool is in use, please run with -XX:+EnableDynamicAgentLoading to hide this warning
WARNING: If a serviceability tool is not in use, please run with -Djdk.instrument.traceUsage for more information
WARNING: Dynamic loading of agents will be disallowed by default in a future release
]]></system-err>
  </testcase>
</testsuite>